<?xml version="1.0" encoding="UTF-8"?>
<testsuite name="study.querydsl.respository.MemberJpaRepositoryTest" tests="1" skipped="0" failures="0" errors="0" timestamp="2023-05-01T13:09:27" hostname="seominjaeui-Macmini.local" time="0.31">
  <properties/>
  <testcase name="searchTest()" classname="study.querydsl.respository.MemberJpaRepositoryTest" time="0.31"/>
  <system-out><![CDATA[22:09:25.448 [Test worker] DEBUG org.springframework.test.context.BootstrapUtils - Instantiating CacheAwareContextLoaderDelegate from class [org.springframework.test.context.cache.DefaultCacheAwareContextLoaderDelegate]
22:09:25.454 [Test worker] DEBUG org.springframework.test.context.BootstrapUtils - Instantiating BootstrapContext using constructor [public org.springframework.test.context.support.DefaultBootstrapContext(java.lang.Class,org.springframework.test.context.CacheAwareContextLoaderDelegate)]
22:09:25.473 [Test worker] DEBUG org.springframework.test.context.BootstrapUtils - Instantiating TestContextBootstrapper for test class [study.querydsl.respository.MemberJpaRepositoryTest] from class [org.springframework.boot.test.context.SpringBootTestContextBootstrapper]
22:09:25.480 [Test worker] INFO org.springframework.boot.test.context.SpringBootTestContextBootstrapper - Neither @ContextConfiguration nor @ContextHierarchy found for test class [study.querydsl.respository.MemberJpaRepositoryTest], using SpringBootContextLoader
22:09:25.483 [Test worker] DEBUG org.springframework.test.context.support.AbstractContextLoader - Did not detect default resource location for test class [study.querydsl.respository.MemberJpaRepositoryTest]: class path resource [study/querydsl/respository/MemberJpaRepositoryTest-context.xml] does not exist
22:09:25.484 [Test worker] DEBUG org.springframework.test.context.support.AbstractContextLoader - Did not detect default resource location for test class [study.querydsl.respository.MemberJpaRepositoryTest]: class path resource [study/querydsl/respository/MemberJpaRepositoryTestContext.groovy] does not exist
22:09:25.484 [Test worker] INFO org.springframework.test.context.support.AbstractContextLoader - Could not detect default resource locations for test class [study.querydsl.respository.MemberJpaRepositoryTest]: no resource found for suffixes {-context.xml, Context.groovy}.
22:09:25.484 [Test worker] INFO org.springframework.test.context.support.AnnotationConfigContextLoaderUtils - Could not detect default configuration classes for test class [study.querydsl.respository.MemberJpaRepositoryTest]: MemberJpaRepositoryTest does not declare any static, non-private, non-final, nested classes annotated with @Configuration.
22:09:25.512 [Test worker] DEBUG org.springframework.test.context.support.ActiveProfilesUtils - Could not find an 'annotation declaring class' for annotation type [org.springframework.test.context.ActiveProfiles] and class [study.querydsl.respository.MemberJpaRepositoryTest]
22:09:25.559 [Test worker] DEBUG org.springframework.context.annotation.ClassPathScanningCandidateComponentProvider - Identified candidate component class: file [/Users/seominjae/Desktop/inflearn_lecture/querydsl/querydsl/querydsl_practice/build/classes/java/main/study/querydsl/QuerydslApplication.class]
22:09:25.559 [Test worker] INFO org.springframework.boot.test.context.SpringBootTestContextBootstrapper - Found @SpringBootConfiguration study.querydsl.QuerydslApplication for test class study.querydsl.respository.MemberJpaRepositoryTest
22:09:25.623 [Test worker] DEBUG org.springframework.boot.test.context.SpringBootTestContextBootstrapper - @TestExecutionListeners is not present for class [study.querydsl.respository.MemberJpaRepositoryTest]: using defaults.
22:09:25.623 [Test worker] INFO org.springframework.boot.test.context.SpringBootTestContextBootstrapper - Loaded default TestExecutionListener class names from location [META-INF/spring.factories]: [org.springframework.boot.test.autoconfigure.restdocs.RestDocsTestExecutionListener, org.springframework.boot.test.autoconfigure.web.client.MockRestServiceServerResetTestExecutionListener, org.springframework.boot.test.autoconfigure.web.servlet.MockMvcPrintOnlyOnFailureTestExecutionListener, org.springframework.boot.test.autoconfigure.web.servlet.WebDriverTestExecutionListener, org.springframework.boot.test.autoconfigure.webservices.client.MockWebServiceServerTestExecutionListener, org.springframework.boot.test.mock.mockito.MockitoTestExecutionListener, org.springframework.boot.test.mock.mockito.ResetMocksTestExecutionListener, org.springframework.test.context.web.ServletTestExecutionListener, org.springframework.test.context.support.DirtiesContextBeforeModesTestExecutionListener, org.springframework.test.context.event.ApplicationEventsTestExecutionListener, org.springframework.test.context.support.DependencyInjectionTestExecutionListener, org.springframework.test.context.support.DirtiesContextTestExecutionListener, org.springframework.test.context.transaction.TransactionalTestExecutionListener, org.springframework.test.context.jdbc.SqlScriptsTestExecutionListener, org.springframework.test.context.event.EventPublishingTestExecutionListener]
22:09:25.638 [Test worker] INFO org.springframework.boot.test.context.SpringBootTestContextBootstrapper - Using TestExecutionListeners: [org.springframework.test.context.web.ServletTestExecutionListener@3c321bdb, org.springframework.test.context.support.DirtiesContextBeforeModesTestExecutionListener@24855019, org.springframework.test.context.event.ApplicationEventsTestExecutionListener@3abd581e, org.springframework.boot.test.mock.mockito.MockitoTestExecutionListener@4d4d8fcf, org.springframework.boot.test.autoconfigure.SpringBootDependencyInjectionTestExecutionListener@610db97e, org.springframework.test.context.support.DirtiesContextTestExecutionListener@6f0628de, org.springframework.test.context.transaction.TransactionalTestExecutionListener@3fabf088, org.springframework.test.context.jdbc.SqlScriptsTestExecutionListener@1e392345, org.springframework.test.context.event.EventPublishingTestExecutionListener@12f3afb5, org.springframework.boot.test.autoconfigure.restdocs.RestDocsTestExecutionListener@4ced35ed, org.springframework.boot.test.autoconfigure.web.client.MockRestServiceServerResetTestExecutionListener@2c22a348, org.springframework.boot.test.autoconfigure.web.servlet.MockMvcPrintOnlyOnFailureTestExecutionListener@7bd69e82, org.springframework.boot.test.autoconfigure.web.servlet.WebDriverTestExecutionListener@74d7184a, org.springframework.boot.test.autoconfigure.webservices.client.MockWebServiceServerTestExecutionListener@51b01960, org.springframework.boot.test.mock.mockito.ResetMocksTestExecutionListener@6831d8fd]
22:09:25.643 [Test worker] DEBUG org.springframework.test.context.support.AbstractDirtiesContextTestExecutionListener - Before test class: context [DefaultTestContext@a23a01d testClass = MemberJpaRepositoryTest, testInstance = [null], testMethod = [null], testException = [null], mergedContextConfiguration = [WebMergedContextConfiguration@4acf72b6 testClass = MemberJpaRepositoryTest, locations = '{}', classes = '{class study.querydsl.QuerydslApplication}', contextInitializerClasses = '[]', activeProfiles = '{}', propertySourceLocations = '{}', propertySourceProperties = '{org.springframework.boot.test.context.SpringBootTestContextBootstrapper=true}', contextCustomizers = set[org.springframework.boot.test.autoconfigure.actuate.metrics.MetricsExportContextCustomizerFactory$DisableMetricExportContextCustomizer@1698ee84, org.springframework.boot.test.autoconfigure.properties.PropertyMappingContextCustomizer@0, org.springframework.boot.test.autoconfigure.web.servlet.WebDriverContextCustomizerFactory$Customizer@4ee37ca3, org.springframework.boot.test.context.filter.ExcludeFilterContextCustomizer@422c3c7a, org.springframework.boot.test.json.DuplicateJsonObjectContextCustomizerFactory$DuplicateJsonObjectContextCustomizer@75e91545, org.springframework.boot.test.mock.mockito.MockitoContextCustomizer@0, org.springframework.boot.test.web.client.TestRestTemplateContextCustomizer@4fbda97b, org.springframework.boot.test.context.SpringBootTestArgs@1, org.springframework.boot.test.context.SpringBootTestWebEnvironment@70e38ce1], resourceBasePath = 'src/main/webapp', contextLoader = 'org.springframework.boot.test.context.SpringBootContextLoader', parent = [null]], attributes = map['org.springframework.test.context.web.ServletTestExecutionListener.activateListener' -> true]], class annotated with @DirtiesContext [false] with mode [null].

  .   ____          _            __ _ _
 /\\ / ___'_ __ _ _(_)_ __  __ _ \ \ \ \
( ( )\___ | '_ | '_| | '_ \/ _` | \ \ \ \
 \\/  ___)| |_)| | | | | || (_| |  ) ) ) )
  '  |____| .__|_| |_|_| |_\__, | / / / /
 =========|_|==============|___/=/_/_/_/
 :: Spring Boot ::               (v2.7.10)

2023-05-01 22:09:25.867  INFO 2456 --- [    Test worker] s.q.respository.MemberJpaRepositoryTest  : Starting MemberJpaRepositoryTest using Java 11.0.19 on seominjaeui-Macmini.local with PID 2456 (started by seominjae in /Users/seominjae/Desktop/inflearn_lecture/querydsl/querydsl/querydsl_practice)
2023-05-01 22:09:25.868  INFO 2456 --- [    Test worker] s.q.respository.MemberJpaRepositoryTest  : The following 1 profile is active: "test"
2023-05-01 22:09:26.208  INFO 2456 --- [    Test worker] .s.d.r.c.RepositoryConfigurationDelegate : Bootstrapping Spring Data JPA repositories in DEFAULT mode.
2023-05-01 22:09:26.218  INFO 2456 --- [    Test worker] .s.d.r.c.RepositoryConfigurationDelegate : Finished Spring Data repository scanning in 5 ms. Found 0 JPA repository interfaces.
2023-05-01 22:09:26.610  INFO 2456 --- [    Test worker] o.hibernate.jpa.internal.util.LogHelper  : HHH000204: Processing PersistenceUnitInfo [name: default]
2023-05-01 22:09:26.640  INFO 2456 --- [    Test worker] org.hibernate.Version                    : HHH000412: Hibernate ORM core version 5.6.15.Final
2023-05-01 22:09:26.734  INFO 2456 --- [    Test worker] o.hibernate.annotations.common.Version   : HCANN000001: Hibernate Commons Annotations {5.1.2.Final}
2023-05-01 22:09:26.791  INFO 2456 --- [    Test worker] com.zaxxer.hikari.HikariDataSource       : HikariPool-1 - Starting...
2023-05-01 22:09:26.845  INFO 2456 --- [    Test worker] com.zaxxer.hikari.HikariDataSource       : HikariPool-1 - Start completed.
2023-05-01 22:09:26.864  INFO 2456 --- [    Test worker] org.hibernate.dialect.Dialect            : HHH000400: Using dialect: org.hibernate.dialect.H2Dialect
2023-05-01 22:09:27.215 DEBUG 2456 --- [    Test worker] org.hibernate.SQL                        : 
    
    drop table if exists hello CASCADE 
2023-05-01 22:09:27.218  INFO 2456 --- [    Test worker] p6spy                                    : #1682946567218 | took 1ms | statement | connection 1| url jdbc:h2:tcp://localhost/~/querydsl

    drop table if exists hello CASCADE 

    drop table if exists hello CASCADE ;
2023-05-01 22:09:27.219 DEBUG 2456 --- [    Test worker] org.hibernate.SQL                        : 
    
    drop table if exists member CASCADE 
2023-05-01 22:09:27.219  INFO 2456 --- [    Test worker] p6spy                                    : #1682946567219 | took 0ms | statement | connection 1| url jdbc:h2:tcp://localhost/~/querydsl

    drop table if exists member CASCADE 

    drop table if exists member CASCADE ;
2023-05-01 22:09:27.219 DEBUG 2456 --- [    Test worker] org.hibernate.SQL                        : 
    
    drop table if exists team CASCADE 
2023-05-01 22:09:27.220  INFO 2456 --- [    Test worker] p6spy                                    : #1682946567220 | took 0ms | statement | connection 1| url jdbc:h2:tcp://localhost/~/querydsl

    drop table if exists team CASCADE 

    drop table if exists team CASCADE ;
2023-05-01 22:09:27.220 DEBUG 2456 --- [    Test worker] org.hibernate.SQL                        : 
    
    drop sequence if exists hibernate_sequence
2023-05-01 22:09:27.221  INFO 2456 --- [    Test worker] p6spy                                    : #1682946567221 | took 0ms | statement | connection 1| url jdbc:h2:tcp://localhost/~/querydsl

    drop sequence if exists hibernate_sequence

    drop sequence if exists hibernate_sequence;
2023-05-01 22:09:27.222 DEBUG 2456 --- [    Test worker] org.hibernate.SQL                        : create sequence hibernate_sequence start with 1 increment by 1
2023-05-01 22:09:27.223  INFO 2456 --- [    Test worker] p6spy                                    : #1682946567223 | took 0ms | statement | connection 2| url jdbc:h2:tcp://localhost/~/querydsl
create sequence hibernate_sequence start with 1 increment by 1
create sequence hibernate_sequence start with 1 increment by 1;
2023-05-01 22:09:27.223 DEBUG 2456 --- [    Test worker] org.hibernate.SQL                        : 
    
    create table hello (
       id bigint not null,
        primary key (id)
    )
2023-05-01 22:09:27.224  INFO 2456 --- [    Test worker] p6spy                                    : #1682946567224 | took 0ms | statement | connection 2| url jdbc:h2:tcp://localhost/~/querydsl

    create table hello (
       id bigint not null,
        primary key (id)
    )

    create table hello (
       id bigint not null,
        primary key (id)
    );
2023-05-01 22:09:27.224 DEBUG 2456 --- [    Test worker] org.hibernate.SQL                        : 
    
    create table member (
       member_id bigint not null,
        age integer not null,
        username varchar(255),
        team_id bigint,
        primary key (member_id)
    )
2023-05-01 22:09:27.225  INFO 2456 --- [    Test worker] p6spy                                    : #1682946567225 | took 0ms | statement | connection 2| url jdbc:h2:tcp://localhost/~/querydsl

    create table member (
       member_id bigint not null,
        age integer not null,
        username varchar(255),
        team_id bigint,
        primary key (member_id)
    )

    create table member (
       member_id bigint not null,
        age integer not null,
        username varchar(255),
        team_id bigint,
        primary key (member_id)
    );
2023-05-01 22:09:27.225 DEBUG 2456 --- [    Test worker] org.hibernate.SQL                        : 
    
    create table team (
       id bigint not null,
        name varchar(255),
        primary key (id)
    )
2023-05-01 22:09:27.226  INFO 2456 --- [    Test worker] p6spy                                    : #1682946567226 | took 0ms | statement | connection 2| url jdbc:h2:tcp://localhost/~/querydsl

    create table team (
       id bigint not null,
        name varchar(255),
        primary key (id)
    )

    create table team (
       id bigint not null,
        name varchar(255),
        primary key (id)
    );
2023-05-01 22:09:27.226 DEBUG 2456 --- [    Test worker] org.hibernate.SQL                        : 
    
    alter table member 
       add constraint FKcjte2jn9pvo9ud2hyfgwcja0k 
       foreign key (team_id) 
       references team
2023-05-01 22:09:27.228  INFO 2456 --- [    Test worker] p6spy                                    : #1682946567228 | took 1ms | statement | connection 2| url jdbc:h2:tcp://localhost/~/querydsl

    alter table member 
       add constraint FKcjte2jn9pvo9ud2hyfgwcja0k 
       foreign key (team_id) 
       references team

    alter table member 
       add constraint FKcjte2jn9pvo9ud2hyfgwcja0k 
       foreign key (team_id) 
       references team;
2023-05-01 22:09:27.229  INFO 2456 --- [    Test worker] o.h.e.t.j.p.i.JtaPlatformInitiator       : HHH000490: Using JtaPlatform implementation: [org.hibernate.engine.transaction.jta.platform.internal.NoJtaPlatform]
2023-05-01 22:09:27.234  INFO 2456 --- [    Test worker] j.LocalContainerEntityManagerFactoryBean : Initialized JPA EntityManagerFactory for persistence unit 'default'
2023-05-01 22:09:27.424  WARN 2456 --- [    Test worker] JpaBaseConfiguration$JpaWebConfiguration : spring.jpa.open-in-view is enabled by default. Therefore, database queries may be performed during view rendering. Explicitly configure spring.jpa.open-in-view to disable this warning
2023-05-01 22:09:27.811  INFO 2456 --- [    Test worker] s.q.respository.MemberJpaRepositoryTest  : Started MemberJpaRepositoryTest in 2.146 seconds (JVM running for 2.805)
2023-05-01 22:09:27.867  INFO 2456 --- [    Test worker] o.s.t.c.transaction.TransactionContext   : Began transaction (1) for test context [DefaultTestContext@a23a01d testClass = MemberJpaRepositoryTest, testInstance = study.querydsl.respository.MemberJpaRepositoryTest@2e96489b, testMethod = searchTest@MemberJpaRepositoryTest, testException = [null], mergedContextConfiguration = [WebMergedContextConfiguration@4acf72b6 testClass = MemberJpaRepositoryTest, locations = '{}', classes = '{class study.querydsl.QuerydslApplication}', contextInitializerClasses = '[]', activeProfiles = '{}', propertySourceLocations = '{}', propertySourceProperties = '{org.springframework.boot.test.context.SpringBootTestContextBootstrapper=true}', contextCustomizers = set[org.springframework.boot.test.autoconfigure.actuate.metrics.MetricsExportContextCustomizerFactory$DisableMetricExportContextCustomizer@1698ee84, org.springframework.boot.test.autoconfigure.properties.PropertyMappingContextCustomizer@0, org.springframework.boot.test.autoconfigure.web.servlet.WebDriverContextCustomizerFactory$Customizer@4ee37ca3, org.springframework.boot.test.context.filter.ExcludeFilterContextCustomizer@422c3c7a, org.springframework.boot.test.json.DuplicateJsonObjectContextCustomizerFactory$DuplicateJsonObjectContextCustomizer@75e91545, org.springframework.boot.test.mock.mockito.MockitoContextCustomizer@0, org.springframework.boot.test.web.client.TestRestTemplateContextCustomizer@4fbda97b, org.springframework.boot.test.context.SpringBootTestArgs@1, org.springframework.boot.test.context.SpringBootTestWebEnvironment@70e38ce1], resourceBasePath = 'src/main/webapp', contextLoader = 'org.springframework.boot.test.context.SpringBootContextLoader', parent = [null]], attributes = map['org.springframework.test.context.web.ServletTestExecutionListener.activateListener' -> true, 'org.springframework.test.context.web.ServletTestExecutionListener.populatedRequestContextHolder' -> true, 'org.springframework.test.context.web.ServletTestExecutionListener.resetRequestContextHolder' -> true, 'org.springframework.test.context.event.ApplicationEventsTestExecutionListener.recordApplicationEvents' -> false]]; transaction manager [org.springframework.orm.jpa.JpaTransactionManager@1bd6638]; rollback [true]
2023-05-01 22:09:27.922 DEBUG 2456 --- [    Test worker] org.hibernate.SQL                        : 
    call next value for hibernate_sequence
2023-05-01 22:09:27.933  INFO 2456 --- [    Test worker] p6spy                                    : #1682946567933 | took 6ms | statement | connection 3| url jdbc:h2:tcp://localhost/~/querydsl
call next value for hibernate_sequence
call next value for hibernate_sequence;
2023-05-01 22:09:27.949 DEBUG 2456 --- [    Test worker] org.hibernate.SQL                        : 
    call next value for hibernate_sequence
2023-05-01 22:09:27.949  INFO 2456 --- [    Test worker] p6spy                                    : #1682946567949 | took 0ms | statement | connection 3| url jdbc:h2:tcp://localhost/~/querydsl
call next value for hibernate_sequence
call next value for hibernate_sequence;
2023-05-01 22:09:27.950 DEBUG 2456 --- [    Test worker] org.hibernate.SQL                        : 
    call next value for hibernate_sequence
2023-05-01 22:09:27.950  INFO 2456 --- [    Test worker] p6spy                                    : #1682946567950 | took 0ms | statement | connection 3| url jdbc:h2:tcp://localhost/~/querydsl
call next value for hibernate_sequence
call next value for hibernate_sequence;
2023-05-01 22:09:27.953 DEBUG 2456 --- [    Test worker] org.hibernate.SQL                        : 
    call next value for hibernate_sequence
2023-05-01 22:09:27.954  INFO 2456 --- [    Test worker] p6spy                                    : #1682946567954 | took 0ms | statement | connection 3| url jdbc:h2:tcp://localhost/~/querydsl
call next value for hibernate_sequence
call next value for hibernate_sequence;
2023-05-01 22:09:27.954 DEBUG 2456 --- [    Test worker] org.hibernate.SQL                        : 
    call next value for hibernate_sequence
2023-05-01 22:09:27.955  INFO 2456 --- [    Test worker] p6spy                                    : #1682946567955 | took 0ms | statement | connection 3| url jdbc:h2:tcp://localhost/~/querydsl
call next value for hibernate_sequence
call next value for hibernate_sequence;
2023-05-01 22:09:27.955 DEBUG 2456 --- [    Test worker] org.hibernate.SQL                        : 
    call next value for hibernate_sequence
2023-05-01 22:09:27.955  INFO 2456 --- [    Test worker] p6spy                                    : #1682946567955 | took 0ms | statement | connection 3| url jdbc:h2:tcp://localhost/~/querydsl
call next value for hibernate_sequence
call next value for hibernate_sequence;
2023-05-01 22:09:28.062 DEBUG 2456 --- [    Test worker] org.hibernate.SQL                        : 
    insert 
    into
        team
        (name, id) 
    values
        (?, ?)
2023-05-01 22:09:28.064  INFO 2456 --- [    Test worker] p6spy                                    : #1682946568064 | took 0ms | statement | connection 3| url jdbc:h2:tcp://localhost/~/querydsl
insert into team (name, id) values (?, ?)
insert into team (name, id) values ('teamA', 1);
2023-05-01 22:09:28.064 DEBUG 2456 --- [    Test worker] org.hibernate.SQL                        : 
    insert 
    into
        team
        (name, id) 
    values
        (?, ?)
2023-05-01 22:09:28.065  INFO 2456 --- [    Test worker] p6spy                                    : #1682946568065 | took 0ms | statement | connection 3| url jdbc:h2:tcp://localhost/~/querydsl
insert into team (name, id) values (?, ?)
insert into team (name, id) values ('teamB', 2);
2023-05-01 22:09:28.066 DEBUG 2456 --- [    Test worker] org.hibernate.SQL                        : 
    insert 
    into
        member
        (age, team_id, username, member_id) 
    values
        (?, ?, ?, ?)
2023-05-01 22:09:28.067  INFO 2456 --- [    Test worker] p6spy                                    : #1682946568067 | took 0ms | statement | connection 3| url jdbc:h2:tcp://localhost/~/querydsl
insert into member (age, team_id, username, member_id) values (?, ?, ?, ?)
insert into member (age, team_id, username, member_id) values (10, 1, 'member1', 3);
2023-05-01 22:09:28.067 DEBUG 2456 --- [    Test worker] org.hibernate.SQL                        : 
    insert 
    into
        member
        (age, team_id, username, member_id) 
    values
        (?, ?, ?, ?)
2023-05-01 22:09:28.068  INFO 2456 --- [    Test worker] p6spy                                    : #1682946568068 | took 0ms | statement | connection 3| url jdbc:h2:tcp://localhost/~/querydsl
insert into member (age, team_id, username, member_id) values (?, ?, ?, ?)
insert into member (age, team_id, username, member_id) values (20, 1, 'member2', 4);
2023-05-01 22:09:28.068 DEBUG 2456 --- [    Test worker] org.hibernate.SQL                        : 
    insert 
    into
        member
        (age, team_id, username, member_id) 
    values
        (?, ?, ?, ?)
2023-05-01 22:09:28.069  INFO 2456 --- [    Test worker] p6spy                                    : #1682946568069 | took 0ms | statement | connection 3| url jdbc:h2:tcp://localhost/~/querydsl
insert into member (age, team_id, username, member_id) values (?, ?, ?, ?)
insert into member (age, team_id, username, member_id) values (30, 2, 'member3', 5);
2023-05-01 22:09:28.069 DEBUG 2456 --- [    Test worker] org.hibernate.SQL                        : 
    insert 
    into
        member
        (age, team_id, username, member_id) 
    values
        (?, ?, ?, ?)
2023-05-01 22:09:28.069  INFO 2456 --- [    Test worker] p6spy                                    : #1682946568069 | took 0ms | statement | connection 3| url jdbc:h2:tcp://localhost/~/querydsl
insert into member (age, team_id, username, member_id) values (?, ?, ?, ?)
insert into member (age, team_id, username, member_id) values (40, 2, 'member4', 6);
2023-05-01 22:09:28.073 DEBUG 2456 --- [    Test worker] org.hibernate.SQL                        : 
    select
        member0_.member_id as col_0_0_,
        member0_.username as col_1_0_,
        member0_.age as col_2_0_,
        team1_.id as col_3_0_,
        team1_.name as col_4_0_ 
    from
        member member0_ 
    left outer join
        team team1_ 
            on member0_.team_id=team1_.id 
    where
        team1_.name=? 
        and member0_.age>=? 
        and member0_.age<=?
2023-05-01 22:09:28.076  INFO 2456 --- [    Test worker] p6spy                                    : #1682946568076 | took 0ms | statement | connection 3| url jdbc:h2:tcp://localhost/~/querydsl
select member0_.member_id as col_0_0_, member0_.username as col_1_0_, member0_.age as col_2_0_, team1_.id as col_3_0_, team1_.name as col_4_0_ from member member0_ left outer join team team1_ on member0_.team_id=team1_.id where team1_.name=? and member0_.age>=? and member0_.age<=?
select member0_.member_id as col_0_0_, member0_.username as col_1_0_, member0_.age as col_2_0_, team1_.id as col_3_0_, team1_.name as col_4_0_ from member member0_ left outer join team team1_ on member0_.team_id=team1_.id where team1_.name='teamB' and member0_.age>=35 and member0_.age<=40;
2023-05-01 22:09:28.128  INFO 2456 --- [    Test worker] p6spy                                    : #1682946568128 | took 0ms | rollback | connection 3| url jdbc:h2:tcp://localhost/~/querydsl

;
2023-05-01 22:09:28.130  INFO 2456 --- [    Test worker] o.s.t.c.transaction.TransactionContext   : Rolled back transaction for test: [DefaultTestContext@a23a01d testClass = MemberJpaRepositoryTest, testInstance = study.querydsl.respository.MemberJpaRepositoryTest@2e96489b, testMethod = searchTest@MemberJpaRepositoryTest, testException = [null], mergedContextConfiguration = [WebMergedContextConfiguration@4acf72b6 testClass = MemberJpaRepositoryTest, locations = '{}', classes = '{class study.querydsl.QuerydslApplication}', contextInitializerClasses = '[]', activeProfiles = '{}', propertySourceLocations = '{}', propertySourceProperties = '{org.springframework.boot.test.context.SpringBootTestContextBootstrapper=true}', contextCustomizers = set[org.springframework.boot.test.autoconfigure.actuate.metrics.MetricsExportContextCustomizerFactory$DisableMetricExportContextCustomizer@1698ee84, org.springframework.boot.test.autoconfigure.properties.PropertyMappingContextCustomizer@0, org.springframework.boot.test.autoconfigure.web.servlet.WebDriverContextCustomizerFactory$Customizer@4ee37ca3, org.springframework.boot.test.context.filter.ExcludeFilterContextCustomizer@422c3c7a, org.springframework.boot.test.json.DuplicateJsonObjectContextCustomizerFactory$DuplicateJsonObjectContextCustomizer@75e91545, org.springframework.boot.test.mock.mockito.MockitoContextCustomizer@0, org.springframework.boot.test.web.client.TestRestTemplateContextCustomizer@4fbda97b, org.springframework.boot.test.context.SpringBootTestArgs@1, org.springframework.boot.test.context.SpringBootTestWebEnvironment@70e38ce1], resourceBasePath = 'src/main/webapp', contextLoader = 'org.springframework.boot.test.context.SpringBootContextLoader', parent = [null]], attributes = map['org.springframework.test.context.web.ServletTestExecutionListener.activateListener' -> true, 'org.springframework.test.context.web.ServletTestExecutionListener.populatedRequestContextHolder' -> true, 'org.springframework.test.context.web.ServletTestExecutionListener.resetRequestContextHolder' -> true, 'org.springframework.test.context.event.ApplicationEventsTestExecutionListener.recordApplicationEvents' -> false]]
]]></system-out>
  <system-err><![CDATA[]]></system-err>
</testsuite>
